Automatically reordering numeric categories ...done
Cleverminer version  1.0.12
Cleverminer version 1.0.12.
Starting data preparation ...
Automatically reordering numeric categories ...
Encoding columns into bit-form...
Encoding columns into bit-form...done
Data preparation finished.
Will go for  4ftMiner
Starting to mine rules.
  0%|                                                    |Elapsed Time: 0:00:00
 19%|#########                                           |Elapsed Time: 0:00:00
 22%|###########                                         |Elapsed Time: 0:00:00
 25%|#############                                       |Elapsed Time: 0:00:00
 29%|###############                                     |Elapsed Time: 0:00:00
 45%|#######################                             |Elapsed Time: 0:00:00
100%|####################################################|Elapsed Time: 0:00:00
Done. Total verifications : 63, rules 63, times: prep 0.02sec, processing 0.37sec

List of rules:
RULEID BASE  CONF  AAD    Rule
     1    58 0.186 -0.467 Glucose((85.0, 95.0] (95.0, 102.0] (102.0, 109.0] (109.0, 117.0]) => Outcome(1) | ---
     2    50 0.216 -0.380 Glucose((95.0, 102.0] (102.0, 109.0] (109.0, 117.0]) => Outcome(1) | ---
     3    78 0.251 -0.281 Glucose((95.0, 102.0] (102.0, 109.0] (109.0, 117.0] (117.0, 125.0]) => Outcome(1) | ---
     4    67 0.285 -0.183 Glucose((102.0, 109.0] (109.0, 117.0] (117.0, 125.0]) => Outcome(1) | ---
     5    95 0.315 -0.099 Glucose((102.0, 109.0] (109.0, 117.0] (117.0, 125.0] (125.0, 134.0]) => Outcome(1) | ---
     6    57 0.356 +0.021 Glucose((102.0, 109.0] (109.0, 117.0] (117.0, 125.0] (125.0, 134.0]) & Insulin((-0.001, 30.5]) => Outcome(1) | ---
     7    76 0.339 -0.028 Glucose((109.0, 117.0] (117.0, 125.0] (125.0, 134.0]) => Outcome(1) | ---
     8   114 0.373 +0.068 Glucose((109.0, 117.0] (117.0, 125.0] (125.0, 134.0] (134.0, 147.0]) => Outcome(1) | ---
     9    66 0.412 +0.182 Glucose((109.0, 117.0] (117.0, 125.0] (125.0, 134.0] (134.0, 147.0]) & Insulin((-0.001, 30.5]) => Outcome(1) | ---
    10    56 0.381 +0.092 Glucose((117.0, 125.0] (125.0, 134.0]) => Outcome(1) | ---
    11    94 0.410 +0.176 Glucose((117.0, 125.0] (125.0, 134.0] (134.0, 147.0]) => Outcome(1) | ---
    12    50 0.450 +0.291 Glucose((117.0, 125.0] (125.0, 134.0] (134.0, 147.0]) & Insulin((-0.001, 30.5]) => Outcome(1) | ---
    13   139 0.462 +0.323 Glucose((117.0, 125.0] (125.0, 134.0] (134.0, 147.0] (147.0, 167.0]) => Outcome(1) | ---
    14    51 0.440 +0.260 Glucose((117.0, 125.0] (125.0, 134.0] (134.0, 147.0] (147.0, 167.0]) & BloodPressure((74.0, 78.0] (78.0, 82.0] (82.0, 88.0]) => Outcome(1) | ---
    15    51 0.486 +0.392 Glucose((117.0, 125.0] (125.0, 134.0] (134.0, 147.0] (147.0, 167.0]) & BloodPressure((78.0, 82.0] (82.0, 88.0] (88.0, 122.0]) => Outcome(1) | ---
    16    55 0.524 +0.501 Glucose((117.0, 125.0] (125.0, 134.0] (134.0, 147.0] (147.0, 167.0]) & SkinThickness((-0.001, 8.2]) => Outcome(1) | ---
    17    55 0.529 +0.515 Glucose((117.0, 125.0] (125.0, 134.0] (134.0, 147.0] (147.0, 167.0]) & SkinThickness((-0.001, 8.2]) & Insulin((-0.001, 30.5]) => Outcome(1) | ---
    18    72 0.507 +0.453 Glucose((117.0, 125.0] (125.0, 134.0] (134.0, 147.0] (147.0, 167.0]) & Insulin((-0.001, 30.5]) => Outcome(1) | ---
    19    66 0.443 +0.269 Glucose((125.0, 134.0] (134.0, 147.0]) => Outcome(1) | ---
    20   111 0.502 +0.439 Glucose((125.0, 134.0] (134.0, 147.0] (147.0, 167.0]) => Outcome(1) | ---
    21    56 0.538 +0.543 Glucose((125.0, 134.0] (134.0, 147.0] (147.0, 167.0]) & Insulin((-0.001, 30.5]) => Outcome(1) | ---
    22   176 0.593 +0.698 Glucose((125.0, 134.0] (134.0, 147.0] (147.0, 167.0] (167.0, 199.0]) => Outcome(1) | ---
    23    52 0.650 +0.863 Glucose((125.0, 134.0] (134.0, 147.0] (147.0, 167.0] (167.0, 199.0]) & BloodPressure((60.0, 64.0] (64.0, 68.0] (68.0, 72.0]) => Outcome(1) | ---
    24    51 0.646 +0.850 Glucose((125.0, 134.0] (134.0, 147.0] (147.0, 167.0] (167.0, 199.0]) & BloodPressure((64.0, 68.0] (68.0, 72.0] (72.0, 74.0]) => Outcome(1) | ---
    25    62 0.633 +0.813 Glucose((125.0, 134.0] (134.0, 147.0] (147.0, 167.0] (167.0, 199.0]) & BloodPressure((68.0, 72.0] (72.0, 74.0] (74.0, 78.0]) => Outcome(1) | ---
    26    63 0.538 +0.543 Glucose((125.0, 134.0] (134.0, 147.0] (147.0, 167.0] (167.0, 199.0]) & BloodPressure((74.0, 78.0] (78.0, 82.0] (82.0, 88.0]) => Outcome(1) | ---
    27    62 0.554 +0.586 Glucose((125.0, 134.0] (134.0, 147.0] (147.0, 167.0] (167.0, 199.0]) & BloodPressure((78.0, 82.0] (82.0, 88.0] (88.0, 122.0]) => Outcome(1) | ---
    28    57 0.588 +0.684 Glucose((125.0, 134.0] (134.0, 147.0] (147.0, 167.0] (167.0, 199.0]) & SkinThickness((-0.001, 8.2]) => Outcome(1) | ---
    29    57 0.594 +0.701 Glucose((125.0, 134.0] (134.0, 147.0] (147.0, 167.0] (167.0, 199.0]) & SkinThickness((-0.001, 8.2]) & Insulin((-0.001, 30.5]) => Outcome(1) | ---
    30    84 0.609 +0.744 Glucose((125.0, 134.0] (134.0, 147.0] (147.0, 167.0] (167.0, 199.0]) & Insulin((-0.001, 30.5]) => Outcome(1) | ---
    31    59 0.702 +1.013 Glucose((125.0, 134.0] (134.0, 147.0] (147.0, 167.0] (167.0, 199.0]) & BMI((37.8, 41.5] (41.5, 67.1]) => Outcome(1) | ---
    32    83 0.539 +0.544 Glucose((134.0, 147.0] (147.0, 167.0]) => Outcome(1) | ---
    33   148 0.643 +0.844 Glucose((134.0, 147.0] (147.0, 167.0] (167.0, 199.0]) => Outcome(1) | ---
    34    54 0.667 +0.910 Glucose((134.0, 147.0] (147.0, 167.0] (167.0, 199.0]) & BloodPressure((68.0, 72.0] (72.0, 74.0] (74.0, 78.0]) => Outcome(1) | ---
    35    56 0.615 +0.763 Glucose((134.0, 147.0] (147.0, 167.0] (167.0, 199.0]) & BloodPressure((74.0, 78.0] (78.0, 82.0] (82.0, 88.0]) => Outcome(1) | ---
    36    52 0.619 +0.774 Glucose((134.0, 147.0] (147.0, 167.0] (167.0, 199.0]) & BloodPressure((78.0, 82.0] (82.0, 88.0] (88.0, 122.0]) => Outcome(1) | ---
    37    70 0.648 +0.857 Glucose((134.0, 147.0] (147.0, 167.0] (167.0, 199.0]) & Insulin((-0.001, 30.5]) => Outcome(1) | ---
    38   110 0.743 +1.130 Glucose((147.0, 167.0] (167.0, 199.0]) => Outcome(1) | ---
    39    50 0.769 +1.204 Glucose((147.0, 167.0] (167.0, 199.0]) & Insulin((-0.001, 30.5]) => Outcome(1) | ---
    40    65 0.855 +1.451 Glucose((167.0, 199.0]) => Outcome(1) | ---
    41    62 0.263 -0.247 BloodPressure((-0.001, 54.0] (54.0, 60.0] (60.0, 64.0]) => Outcome(1) | ---
    42    57 0.246 -0.296 BloodPressure((54.0, 60.0] (60.0, 64.0] (64.0, 68.0]) => Outcome(1) | ---
    43    86 0.330 -0.056 BloodPressure((60.0, 64.0] (64.0, 68.0] (68.0, 72.0]) => Outcome(1) | ---
    44    63 0.344 -0.013 BloodPressure((64.0, 68.0] (68.0, 72.0]) => Outcome(1) | ---
    45    80 0.340 -0.024 BloodPressure((64.0, 68.0] (68.0, 72.0] (72.0, 74.0]) => Outcome(1) | ---
    46    56 0.366 +0.049 BloodPressure((68.0, 72.0] (72.0, 74.0]) => Outcome(1) | ---
    47    92 0.376 +0.076 BloodPressure((68.0, 72.0] (72.0, 74.0] (74.0, 78.0]) => Outcome(1) | ---
    48    53 0.368 +0.055 BloodPressure((72.0, 74.0] (74.0, 78.0]) => Outcome(1) | ---
    49    79 0.369 +0.058 BloodPressure((72.0, 74.0] (74.0, 78.0] (78.0, 82.0]) => Outcome(1) | ---
    50    62 0.383 +0.097 BloodPressure((74.0, 78.0] (78.0, 82.0]) => Outcome(1) | ---
    51    97 0.409 +0.173 BloodPressure((74.0, 78.0] (78.0, 82.0] (82.0, 88.0]) => Outcome(1) | ---
    52    61 0.421 +0.206 BloodPressure((78.0, 82.0] (82.0, 88.0]) => Outcome(1) | ---
    53    90 0.439 +0.258 BloodPressure((78.0, 82.0] (82.0, 88.0] (88.0, 122.0]) => Outcome(1) | ---
    54    64 0.474 +0.359 BloodPressure((82.0, 88.0] (88.0, 122.0]) => Outcome(1) | ---
    55    89 0.385 +0.104 SkinThickness((-0.001, 8.2]) => Outcome(1) | ---
    56    88 0.386 +0.106 SkinThickness((-0.001, 8.2]) & Insulin((-0.001, 30.5]) => Outcome(1) | ---
    57   140 0.365 +0.045 Insulin((-0.001, 30.5]) => Outcome(1) | ---
    58    58 0.377 +0.079 BMI((28.2, 30.1] (30.1, 32.0]) => Outcome(1) | ---
    59    68 0.450 +0.291 BMI((30.1, 32.0] (32.0, 33.7]) => Outcome(1) | ---
    60    67 0.444 +0.272 BMI((32.0, 33.7] (33.7, 35.49]) => Outcome(1) | ---
    61    66 0.431 +0.236 BMI((33.7, 35.49] (35.49, 37.8]) => Outcome(1) | ---
    62    64 0.413 +0.183 BMI((35.49, 37.8] (37.8, 41.5]) => Outcome(1) | ---
    63    78 0.513 +0.471 BMI((37.8, 41.5] (41.5, 67.1]) => Outcome(1) | ---


CleverMiner task processing summary:

Task type : 4ftMiner
Number of verifications : 63
Number of rules : 63
Total time needed : 00h 00m 00s
Time of data preparation : 00h 00m 00s
Time of rule mining : 00h 00m 00s



Rule id : 62

Base :    64  Relative base : 0.083  CONF : 0.413  AAD : +0.183  BAD : -0.183

Cedents:
  antecedent : BMI((35.49, 37.8] (37.8, 41.5])
  succcedent : Outcome(1)
  condition  : ---

Fourfold table
    |  S  |  ¬S |
----|-----|-----|
 A  |   64|   91|
----|-----|-----|
¬A  |  204|  409|
----|-----|-----|



Rule id : 62

Base :    64  Relative base : 0.083  CONF : 0.413  AAD : +0.183  BAD : -0.183

Cedents:
  antecedent : BMI((35.49, 37.8] (37.8, 41.5])
  succcedent : Outcome(1)
  condition  : ---

Fourfold table
    |  S  |  ¬S |
----|-----|-----|
 A  |   64|   91|
----|-----|-----|
¬A  |  204|  409|
----|-----|-----|


Detailed analysis of rule 62:  BMI((35.49, 37.8] (37.8, 41.5]) => Outcome(1) | ---
   When Var [0;31mBMI[0m is ignored: confidence [0;31m0.413 -> 0.349, base 64 -> 268[0m, pval 0.93488, z_score 1.513, pimratioabs 1.183
   ... when varname's [0;31mBMI[0m category [0;31m(35.49, 37.8][0m ignored : confidence [0;31m0.413 -> 0.395, base 64 -> 30[0m, pval 0.60414, z_score 0.264, pimratioabs 1.046
   ... when varname's [0;31mBMI[0m category [0;31m(37.8, 41.5][0m ignored : confidence [0;31m0.413 -> 0.430, base 64 -> 34[0m, pval 0.39888, z_score -0.256, pimratioabs 1.042
   When Var [0;32mOutcome[0m is ignored: [0;32mconfidence 0.413 -> 1.000, base 64 -> 155[0m, pval 0.00000, z_score -11.350, pimratioabs 2.422
   ... varname's Outcome category 1 cannot be ignored due to either single category or the ordinal data type and not eligible (middle) category cannot be thrown out
Colored rule is [0;31mBMI[0m([0;31m(35.49, 37.8][0m [0;31m(37.8, 41.5][0m) => [0;32mOutcome[0m(1) | 

LEGEND: 
  [0;32mATTRIBUTE/VALUE IS VERY IMPORTANT FOR INTERPRETATION AND CANNOT BE IGNORED[0m
  [1;33mATTRIBUTE/VALUE IS SIGNIFICANT FOR INTERPRETATION[0m
  [0;31mATTRIBUTE/VALUE SHOULD NOT BE USED IN INTERPRETATION AND CAN BE IGNORED[0m
  VALUE IS NOT ELIGIBLE FOR ASSESSING THE IMPORTANCE (E.G. A MIDDLE CATEGORY OF AN ORDINAL SEQUENCE)

 RULE_ID BASE  CONF   AAD   RULE_TEXT
       1    58 0.186 -0.467 [0;32mGlucose[0m([0;31m(85.0, 95.0][0m (95.0, 102.0] (102.0, 109.0] [0;31m(109.0, 117.0][0m) => [0;32mOutcome[0m(1) | 
       2    50 0.216 -0.380 [1;33mGlucose[0m([0;31m(95.0, 102.0][0m (102.0, 109.0] [0;31m(109.0, 117.0][0m) => [0;32mOutcome[0m(1) | 
       3    78 0.251 -0.281 [1;33mGlucose[0m([0;31m(95.0, 102.0][0m (102.0, 109.0] (109.0, 117.0] [0;31m(117.0, 125.0][0m) => [0;32mOutcome[0m(1) | 
       4    67 0.285 -0.183 [0;31mGlucose[0m([0;31m(102.0, 109.0][0m (109.0, 117.0] [0;31m(117.0, 125.0][0m) => [0;32mOutcome[0m(1) | 
       5    95 0.315 -0.099 [0;31mGlucose[0m([0;31m(102.0, 109.0][0m (109.0, 117.0] (117.0, 125.0] [0;31m(125.0, 134.0][0m) => [0;32mOutcome[0m(1) | 
       6    57 0.356 +0.021 [0;31mGlucose[0m([0;31m(102.0, 109.0][0m (109.0, 117.0] (117.0, 125.0] [0;31m(125.0, 134.0][0m) & [0;31mInsulin[0m((-0.001, 30.5]) => [0;32mOutcome[0m(1) | 
       7    76 0.339 -0.028 [0;31mGlucose[0m([0;31m(109.0, 117.0][0m (117.0, 125.0] [0;31m(125.0, 134.0][0m) => [0;32mOutcome[0m(1) | 
       8   114 0.373 +0.068 [0;31mGlucose[0m([0;31m(109.0, 117.0][0m (117.0, 125.0] (125.0, 134.0] [0;31m(134.0, 147.0][0m) => [0;32mOutcome[0m(1) | 
       9    66 0.412 +0.182 [0;31mGlucose[0m([0;31m(109.0, 117.0][0m (117.0, 125.0] (125.0, 134.0] [0;31m(134.0, 147.0][0m) & [0;31mInsulin[0m((-0.001, 30.5]) => [0;32mOutcome[0m(1) | 
      10    56 0.381 +0.092 [0;31mGlucose[0m([0;31m(117.0, 125.0][0m [0;31m(125.0, 134.0][0m) => [0;32mOutcome[0m(1) | 
      11    94 0.410 +0.176 [0;31mGlucose[0m([0;31m(117.0, 125.0][0m (125.0, 134.0] [0;31m(134.0, 147.0][0m) => [0;32mOutcome[0m(1) | 
      12    50 0.450 +0.291 [0;31mGlucose[0m([0;31m(117.0, 125.0][0m (125.0, 134.0] [0;31m(134.0, 147.0][0m) & [0;31mInsulin[0m((-0.001, 30.5]) => [0;32mOutcome[0m(1) | 
      13   139 0.462 +0.323 [1;33mGlucose[0m([0;31m(117.0, 125.0][0m (125.0, 134.0] (134.0, 147.0] [0;31m(147.0, 167.0][0m) => [0;32mOutcome[0m(1) | 
      14    51 0.440 +0.260 [0;31mGlucose[0m([0;31m(117.0, 125.0][0m (125.0, 134.0] (134.0, 147.0] [0;31m(147.0, 167.0][0m) & [0;31mBloodPressure[0m([0;31m(74.0, 78.0][0m (78.0, 82.0] [0;31m(82.0, 88.0][0m) => [0;32mOutcome[0m(1) | 
      15    51 0.486 +0.392 [0;31mGlucose[0m([0;31m(117.0, 125.0][0m (125.0, 134.0] (134.0, 147.0] [0;31m(147.0, 167.0][0m) & [0;31mBloodPressure[0m([0;31m(78.0, 82.0][0m (82.0, 88.0] [0;31m(88.0, 122.0][0m) => [0;32mOutcome[0m(1) | 
      16    55 0.524 +0.501 [1;33mGlucose[0m([0;31m(117.0, 125.0][0m (125.0, 134.0] (134.0, 147.0] [0;31m(147.0, 167.0][0m) & [0;31mSkinThickness[0m((-0.001, 8.2]) => [0;32mOutcome[0m(1) | 
      17    55 0.529 +0.515 [1;33mGlucose[0m([0;31m(117.0, 125.0][0m (125.0, 134.0] (134.0, 147.0] [0;31m(147.0, 167.0][0m) & [0;31mSkinThickness[0m((-0.001, 8.2]) & [0;31mInsulin[0m((-0.001, 30.5]) => [0;32mOutcome[0m(1) | 
      18    72 0.507 +0.453 [1;33mGlucose[0m([0;31m(117.0, 125.0][0m (125.0, 134.0] (134.0, 147.0] [0;31m(147.0, 167.0][0m) & [0;31mInsulin[0m((-0.001, 30.5]) => [0;32mOutcome[0m(1) | 
      19    66 0.443 +0.269 [1;33mGlucose[0m([0;31m(125.0, 134.0][0m [0;31m(134.0, 147.0][0m) => [0;32mOutcome[0m(1) | 
      20   111 0.502 +0.439 [0;32mGlucose[0m([0;31m(125.0, 134.0][0m (134.0, 147.0] [0;31m(147.0, 167.0][0m) => [0;32mOutcome[0m(1) | 
      21    56 0.538 +0.543 [1;33mGlucose[0m([0;31m(125.0, 134.0][0m (134.0, 147.0] [0;31m(147.0, 167.0][0m) & [0;31mInsulin[0m((-0.001, 30.5]) => [0;32mOutcome[0m(1) | 
      22   176 0.593 +0.698 [0;32mGlucose[0m([0;31m(125.0, 134.0][0m (134.0, 147.0] (147.0, 167.0] [1;33m(167.0, 199.0][0m) => [0;32mOutcome[0m(1) | 
      23    52 0.650 +0.863 [0;32mGlucose[0m([0;31m(125.0, 134.0][0m (134.0, 147.0] (147.0, 167.0] [0;31m(167.0, 199.0][0m) & [0;31mBloodPressure[0m([0;31m(60.0, 64.0][0m (64.0, 68.0] [0;31m(68.0, 72.0][0m) => [0;32mOutcome[0m(1) | 
      24    51 0.646 +0.850 [0;32mGlucose[0m([0;31m(125.0, 134.0][0m (134.0, 147.0] (147.0, 167.0] [0;31m(167.0, 199.0][0m) & [0;31mBloodPressure[0m([0;31m(64.0, 68.0][0m (68.0, 72.0] [0;31m(72.0, 74.0][0m) => [0;32mOutcome[0m(1) | 
      25    62 0.633 +0.813 [0;32mGlucose[0m([0;31m(125.0, 134.0][0m (134.0, 147.0] (147.0, 167.0] [0;31m(167.0, 199.0][0m) & [0;31mBloodPressure[0m([0;31m(68.0, 72.0][0m (72.0, 74.0] [0;31m(74.0, 78.0][0m) => [0;32mOutcome[0m(1) | 
      26    63 0.538 +0.543 [1;33mGlucose[0m([0;31m(125.0, 134.0][0m (134.0, 147.0] (147.0, 167.0] [0;31m(167.0, 199.0][0m) & [0;31mBloodPressure[0m([0;31m(74.0, 78.0][0m (78.0, 82.0] [0;31m(82.0, 88.0][0m) => [0;32mOutcome[0m(1) | 
      27    62 0.554 +0.586 [0;31mGlucose[0m([0;31m(125.0, 134.0][0m (134.0, 147.0] (147.0, 167.0] [0;31m(167.0, 199.0][0m) & [0;31mBloodPressure[0m([0;31m(78.0, 82.0][0m (82.0, 88.0] [0;31m(88.0, 122.0][0m) => [0;32mOutcome[0m(1) | 
      28    57 0.588 +0.684 [1;33mGlucose[0m([0;31m(125.0, 134.0][0m (134.0, 147.0] (147.0, 167.0] [0;31m(167.0, 199.0][0m) & [0;31mSkinThickness[0m((-0.001, 8.2]) => [0;32mOutcome[0m(1) | 
      29    57 0.594 +0.701 [1;33mGlucose[0m([0;31m(125.0, 134.0][0m (134.0, 147.0] (147.0, 167.0] [0;31m(167.0, 199.0][0m) & [0;31mSkinThickness[0m((-0.001, 8.2]) & [0;31mInsulin[0m((-0.001, 30.5]) => [0;32mOutcome[0m(1) | 
      30    84 0.609 +0.744 [0;32mGlucose[0m([0;31m(125.0, 134.0][0m (134.0, 147.0] (147.0, 167.0] [0;31m(167.0, 199.0][0m) & [0;31mInsulin[0m((-0.001, 30.5]) => [0;32mOutcome[0m(1) | 
      31    59 0.702 +1.013 [1;33mGlucose[0m([0;31m(125.0, 134.0][0m (134.0, 147.0] (147.0, 167.0] [0;31m(167.0, 199.0][0m) & [0;31mBMI[0m([0;31m(37.8, 41.5][0m [0;31m(41.5, 67.1][0m) => [0;32mOutcome[0m(1) | 
      32    83 0.539 +0.544 [0;32mGlucose[0m([0;31m(134.0, 147.0][0m [0;31m(147.0, 167.0][0m) => [0;32mOutcome[0m(1) | 
      33   148 0.643 +0.844 [0;32mGlucose[0m([1;33m(134.0, 147.0][0m (147.0, 167.0] [1;33m(167.0, 199.0][0m) => [0;32mOutcome[0m(1) | 
      34    54 0.667 +0.910 [0;32mGlucose[0m([0;31m(134.0, 147.0][0m (147.0, 167.0] [0;31m(167.0, 199.0][0m) & [0;31mBloodPressure[0m([0;31m(68.0, 72.0][0m (72.0, 74.0] [0;31m(74.0, 78.0][0m) => [0;32mOutcome[0m(1) | 
      35    56 0.615 +0.763 [1;33mGlucose[0m([0;31m(134.0, 147.0][0m (147.0, 167.0] [0;31m(167.0, 199.0][0m) & [0;31mBloodPressure[0m([0;31m(74.0, 78.0][0m (78.0, 82.0] [0;31m(82.0, 88.0][0m) => [0;32mOutcome[0m(1) | 
      36    52 0.619 +0.774 [1;33mGlucose[0m([0;31m(134.0, 147.0][0m (147.0, 167.0] [0;31m(167.0, 199.0][0m) & [0;31mBloodPressure[0m([0;31m(78.0, 82.0][0m (82.0, 88.0] [0;31m(88.0, 122.0][0m) => [0;32mOutcome[0m(1) | 
      37    70 0.648 +0.857 [0;32mGlucose[0m([0;31m(134.0, 147.0][0m (147.0, 167.0] [0;31m(167.0, 199.0][0m) & [0;31mInsulin[0m((-0.001, 30.5]) => [0;32mOutcome[0m(1) | 
      38   110 0.743 +1.130 [0;32mGlucose[0m([0;31m(147.0, 167.0][0m [0;31m(167.0, 199.0][0m) => [0;32mOutcome[0m(1) | 
      39    50 0.769 +1.204 [0;32mGlucose[0m([0;31m(147.0, 167.0][0m [0;31m(167.0, 199.0][0m) & [0;31mInsulin[0m((-0.001, 30.5]) => [0;32mOutcome[0m(1) | 
      40    65 0.855 +1.451 [0;32mGlucose[0m((167.0, 199.0]) => [1;33mOutcome[0m(1) | 
      41    62 0.263 -0.247 [1;33mBloodPressure[0m([0;31m(-0.001, 54.0][0m (54.0, 60.0] [0;31m(60.0, 64.0][0m) => [0;32mOutcome[0m(1) | 
      42    57 0.246 -0.296 [1;33mBloodPressure[0m([0;31m(54.0, 60.0][0m (60.0, 64.0] [0;31m(64.0, 68.0][0m) => [0;32mOutcome[0m(1) | 
      43    86 0.330 -0.056 [0;31mBloodPressure[0m([0;31m(60.0, 64.0][0m (64.0, 68.0] [0;31m(68.0, 72.0][0m) => [0;32mOutcome[0m(1) | 
      44    63 0.344 -0.013 [0;31mBloodPressure[0m([0;31m(64.0, 68.0][0m [0;31m(68.0, 72.0][0m) => [0;32mOutcome[0m(1) | 
      45    80 0.340 -0.024 [0;31mBloodPressure[0m([0;31m(64.0, 68.0][0m (68.0, 72.0] [0;31m(72.0, 74.0][0m) => [0;32mOutcome[0m(1) | 
      46    56 0.366 +0.049 [0;31mBloodPressure[0m([0;31m(68.0, 72.0][0m [0;31m(72.0, 74.0][0m) => [0;32mOutcome[0m(1) | 
      47    92 0.376 +0.076 [0;31mBloodPressure[0m([0;31m(68.0, 72.0][0m (72.0, 74.0] [0;31m(74.0, 78.0][0m) => [0;32mOutcome[0m(1) | 
      48    53 0.368 +0.055 [0;31mBloodPressure[0m([0;31m(72.0, 74.0][0m [0;31m(74.0, 78.0][0m) => [0;32mOutcome[0m(1) | 
      49    79 0.369 +0.058 [0;31mBloodPressure[0m([0;31m(72.0, 74.0][0m (74.0, 78.0] [0;31m(78.0, 82.0][0m) => [0;32mOutcome[0m(1) | 
      50    62 0.383 +0.097 [0;31mBloodPressure[0m([0;31m(74.0, 78.0][0m [0;31m(78.0, 82.0][0m) => [0;32mOutcome[0m(1) | 
      51    97 0.409 +0.173 [0;31mBloodPressure[0m([0;31m(74.0, 78.0][0m (78.0, 82.0] [0;31m(82.0, 88.0][0m) => [0;32mOutcome[0m(1) | 
      52    61 0.421 +0.206 [0;31mBloodPressure[0m([0;31m(78.0, 82.0][0m [0;31m(82.0, 88.0][0m) => [0;32mOutcome[0m(1) | 
      53    90 0.439 +0.258 [1;33mBloodPressure[0m([0;31m(78.0, 82.0][0m (82.0, 88.0] [0;31m(88.0, 122.0][0m) => [0;32mOutcome[0m(1) | 
      54    64 0.474 +0.359 [1;33mBloodPressure[0m([0;31m(82.0, 88.0][0m [0;31m(88.0, 122.0][0m) => [0;32mOutcome[0m(1) | 
      55    89 0.385 +0.104 [0;31mSkinThickness[0m((-0.001, 8.2]) => [0;32mOutcome[0m(1) | 
      56    88 0.386 +0.106 [0;31mSkinThickness[0m((-0.001, 8.2]) & [0;31mInsulin[0m((-0.001, 30.5]) => [0;32mOutcome[0m(1) | 
      57   140 0.365 +0.045 [0;31mInsulin[0m((-0.001, 30.5]) => [0;32mOutcome[0m(1) | 
      58    58 0.377 +0.079 [0;31mBMI[0m([0;31m(28.2, 30.1][0m [0;31m(30.1, 32.0][0m) => [0;32mOutcome[0m(1) | 
      59    68 0.450 +0.291 [1;33mBMI[0m([0;31m(30.1, 32.0][0m [0;31m(32.0, 33.7][0m) => [0;32mOutcome[0m(1) | 
      60    67 0.444 +0.272 [1;33mBMI[0m([0;31m(32.0, 33.7][0m [0;31m(33.7, 35.49][0m) => [0;32mOutcome[0m(1) | 
      61    66 0.431 +0.236 [0;31mBMI[0m([0;31m(33.7, 35.49][0m [0;31m(35.49, 37.8][0m) => [0;32mOutcome[0m(1) | 
      62    64 0.413 +0.183 [0;31mBMI[0m([0;31m(35.49, 37.8][0m [0;31m(37.8, 41.5][0m) => [0;32mOutcome[0m(1) | 
      63    78 0.513 +0.471 [1;33mBMI[0m([0;31m(37.8, 41.5][0m [0;31m(41.5, 67.1][0m) => [0;32mOutcome[0m(1) | 
